OPTIONS | 204 | /api/store/info | 4.158 ms | ::1 | - | 12:18:04
OPTIONS | 204 | /api/store/info | 8.913 ms | ::1 | - | 12:18:05
GET | 304 | /api/store/info | 1548.928 ms | ::1 | - | 12:18:06
GET | 304 | /api/store/info | 638.580 ms | ::1 | - | 12:18:07
GET | 304 | /api/store/info | 644.770 ms | ::1 | - | 12:18:07
GET | 200 | /test | 11.839 ms | ::1 | - | 13:42:05
GET | 500 | /test | 7.438 ms | ::1 | - | 13:52:33
GET | 200 | /test | 10.484 ms | ::1 | - | 13:54:37
GET | 200 | /favicon.ico | 31.119 ms | ::1 | - | 13:54:37
GET | 500 | /test | 12.137 ms | ::1 | - | 13:56:07
GET | 200 | /test | 10.783 ms | ::1 | - | 13:57:05
GET | 304 | /favicon.ico | 1.921 ms | ::1 | - | 13:57:05
GET | - | /test | - ms | ::1 | - | 14:41:30
GET | - | /test | - ms | ::1 | - | 15:00:41
GET | 304 | / | 10.780 ms | ::1 | - | 15:27:35
GET | 304 | /static/js/main.8912ee67.js | 3.906 ms | ::1 | - | 15:27:35
GET | 304 | /static/css/main.5da68ca8.css | 1.821 ms | ::1 | - | 15:27:35
GET | 304 | /static/media/logo.797d41c84d2b50c923aa6f4dddd87340.svg | 6.858 ms | ::1 | - | 15:27:36
GET | 304 | /static/media/simpleShiny.c28a7e6148b72e87a981a66aa195fa0d.svg | 3.008 ms | ::1 | - | 15:27:36
GET | 304 | /static/media/server.fccdcc5589fc2007f74d2b74387929b2.svg | 7.047 ms | ::1 | - | 15:27:36
GET | 304 | /static/media/padlock.4f2477cec25d06b9789a5facd41b48c3.svg | 3.310 ms | ::1 | - | 15:27:36
GET | 304 | /manifest.json | 12.225 ms | ::1 | - | 15:27:36
GET | 304 | /static/media/roboto-v30-latin-700.227c93190fe7f82de3f8.woff2 | 11.384 ms | ::1 | - | 15:27:36
GET | 304 | /static/media/roboto-v30-latin-regular.b009a76ad6afe4ebd301.woff2 | 10.168 ms | ::1 | - | 15:27:36
GET | 304 | /favicon.ico | 239.812 ms | ::1 | - | 15:27:36
GET | 304 | /logo192.png | 3.728 ms | ::1 | - | 15:27:36
GET | 304 | /favicon.ico | 2.225 ms | ::1 | - | 15:27:36
GET | 500 | /api/store/info | 1144.141 ms | ::1 | - | 15:27:37
GET | 304 | /static/css/main.5da68ca8.css | 7.164 ms | ::1 | - | 15:27:38
GET | 304 | /manifest.json | 2.573 ms | ::1 | - | 15:27:38
POST | 500 | /api/auth/store | 1214.726 ms | ::1 | - | 15:34:36
POST | 500 | /api/auth/store | 1031.833 ms | ::1 | - | 15:35:58
GET | 304 | / | 10.845 ms | ::1 | - | 15:44:55
GET | 304 | /static/js/main.8912ee67.js | 9.508 ms | ::1 | - | 15:44:55
GET | 304 | /static/css/main.5da68ca8.css | 5.613 ms | ::1 | - | 15:44:55
GET | 304 | /static/media/logo.797d41c84d2b50c923aa6f4dddd87340.svg | 10.570 ms | ::1 | - | 15:44:56
GET | 304 | /static/media/simpleShiny.c28a7e6148b72e87a981a66aa195fa0d.svg | 3.756 ms | ::1 | - | 15:44:56
GET | 304 | /static/media/padlock.4f2477cec25d06b9789a5facd41b48c3.svg | 5.601 ms | ::1 | - | 15:44:56
GET | 304 | /static/media/server.fccdcc5589fc2007f74d2b74387929b2.svg | 2.785 ms | ::1 | - | 15:44:56
GET | 304 | /favicon.ico | 17.197 ms | ::1 | - | 15:44:56
GET | 304 | /static/media/roboto-v30-latin-700.227c93190fe7f82de3f8.woff2 | 11.328 ms | ::1 | - | 15:44:56
GET | 304 | /static/media/roboto-v30-latin-regular.b009a76ad6afe4ebd301.woff2 | 7.220 ms | ::1 | - | 15:44:56
GET | 304 | /manifest.json | 1.567 ms | ::1 | - | 15:44:56
GET | 304 | /logo192.png | 1.407 ms | ::1 | - | 15:44:56
POST | 500 | /api/auth/store | 1172.802 ms | ::1 | - | 15:45:07
POST | 500 | /api/auth/store | 40.374 ms | ::1 | - | 15:46:54
POST | 500 | /api/auth/store | 4.318 ms | ::1 | - | 15:47:05
POST | 500 | /api/auth/store | 29.778 ms | ::1 | - | 15:47:20
GET | 304 | / | 6.445 ms | ::1 | - | 15:47:23
GET | 304 | /static/js/main.8912ee67.js | 9.345 ms | ::1 | - | 15:47:23
GET | 304 | /static/css/main.5da68ca8.css | 4.003 ms | ::1 | - | 15:47:23
GET | 304 | /static/media/logo.797d41c84d2b50c923aa6f4dddd87340.svg | 1.585 ms | ::1 | - | 15:47:23
GET | 304 | /static/media/simpleShiny.c28a7e6148b72e87a981a66aa195fa0d.svg | 13.159 ms | ::1 | - | 15:47:23
GET | 304 | /static/media/server.fccdcc5589fc2007f74d2b74387929b2.svg | 5.548 ms | ::1 | - | 15:47:23
GET | 304 | /static/media/padlock.4f2477cec25d06b9789a5facd41b48c3.svg | 16.305 ms | ::1 | - | 15:47:23
GET | 304 | /static/media/roboto-v30-latin-700.227c93190fe7f82de3f8.woff2 | 12.656 ms | ::1 | - | 15:47:23
GET | 304 | /static/media/roboto-v30-latin-regular.b009a76ad6afe4ebd301.woff2 | 6.948 ms | ::1 | - | 15:47:23
GET | 304 | /favicon.ico | 2.038 ms | ::1 | - | 15:47:23
GET | 304 | /manifest.json | 2.327 ms | ::1 | - | 15:47:23
GET | 304 | /logo192.png | 1.032 ms | ::1 | - | 15:47:24
POST | 500 | /api/auth/store | 4.637 ms | ::1 | - | 15:47:32
POST | 500 | /api/auth/store | 30.110 ms | ::1 | - | 15:48:31
POST | 500 | /api/auth/store | 33.685 ms | ::1 | - | 15:50:48
POST | 500 | /api/auth/store | 1019.167 ms | ::1 | - | 15:51:09
POST | 500 | /api/auth/store | 1125.521 ms | ::1 | - | 15:54:19
POST | 500 | /api/auth/store | 784.549 ms | ::1 | - | 15:54:30
POST | 500 | /api/auth/store | 991.249 ms | ::1 | - | 15:55:55
POST | 500 | /api/auth/store | 1011.684 ms | ::1 | - | 16:00:16
POST | 500 | /api/auth/store | 1067.083 ms | ::1 | - | 16:03:52
POST | 500 | /api/auth/store | 1356.293 ms | ::1 | - | 16:04:22
POST | 500 | /api/auth/store | 1150.835 ms | ::1 | - | 16:05:44
POST | 500 | /api/auth/store | 1145.768 ms | ::1 | - | 16:06:07
POST | 500 | /api/auth/store | 1135.286 ms | ::1 | - | 16:14:52
POST | 500 | /api/auth/store | 1185.584 ms | ::1 | - | 16:17:45
POST | 500 | /api/auth/store | 1138.644 ms | ::1 | - | 16:19:26
POST | 200 | /api/auth/store | 1000.510 ms | ::1 | - | 16:21:10
GET | 500 | /api/store/info | 742.590 ms | ::1 | - | 16:21:11
POST | 200 | /api/auth/store | 1385.539 ms | ::1 | - | 16:22:53
GET | 500 | /api/store/info | 750.014 ms | ::1 | - | 16:22:54
POST | 200 | /api/auth/store | 1161.348 ms | ::1 | - | 16:23:47
GET | 500 | /api/store/info | 751.917 ms | ::1 | - | 16:23:48
POST | 403 | /api/auth/store | 1221.406 ms | ::1 | - | 16:25:30
POST | 200 | /api/auth/store | 900.826 ms | ::1 | - | 16:27:22
GET | 200 | /api/store/info | 740.486 ms | ::1 | - | 16:27:23
POST | 200 | /api/auth/store | 944.536 ms | ::1 | - | 16:27:37
GET | 304 | /api/store/info | 746.042 ms | ::1 | - | 16:27:38
GET | 304 | /static/css/main.5da68ca8.css | 11.857 ms | ::1 | - | 18:15:59
GET | 304 | /manifest.json | 10.623 ms | ::1 | - | 18:15:59
GET | 200 | /favicon.ico | 34.057 ms | ::1 | - | 18:16:04
GET | 200 | /logo192.png | 12.506 ms | ::1 | - | 18:16:04
GET | 200 | /logo512.png | 10.349 ms | ::1 | - | 18:16:04
GET | 200 | /favicon.ico | 2.177 ms | ::1 | - | 18:16:13
GET | 200 | /logo192.png | 1.028 ms | ::1 | - | 18:16:13
GET | 200 | /logo512.png | 1.100 ms | ::1 | - | 18:16:13
GET | 200 | /favicon.ico | 1.911 ms | ::1 | - | 18:16:28
GET | 200 | /logo192.png | 1.063 ms | ::1 | - | 18:16:28
GET | 200 | /logo512.png | 1.138 ms | ::1 | - | 18:16:28
GET | 200 | /favicon.ico | 1.159 ms | ::1 | - | 18:16:29
GET | 200 | /logo192.png | 1.166 ms | ::1 | - | 18:16:29
GET | 200 | /logo512.png | 1.192 ms | ::1 | - | 18:16:29
GET | 200 | /static/media/roboto-v30-latin-700.227c93190fe7f82de3f8.woff2 | 3.415 ms | ::1 | - | 18:16:54
GET | 200 | /static/media/roboto-v30-latin-regular.b009a76ad6afe4ebd301.woff2 | 24.674 ms | ::1 | - | 18:16:55
GET | 304 | /static/media/roboto-v30-latin-regular.b009a76ad6afe4ebd301.woff2 | 0.573 ms | ::1 | - | 18:16:58
GET | 304 | /static/media/roboto-v30-latin-700.227c93190fe7f82de3f8.woff2 | 0.869 ms | ::1 | - | 18:16:59
GET | 304 | / | 4.923 ms | ::1 | - | 18:39:09
GET | 304 | /static/js/main.8912ee67.js | 2.579 ms | ::1 | - | 18:39:09
GET | 304 | /static/css/main.5da68ca8.css | 1.424 ms | ::1 | - | 18:39:09
GET | 304 | /static/media/logo.797d41c84d2b50c923aa6f4dddd87340.svg | 4.027 ms | ::1 | - | 18:39:10
GET | 304 | /static/media/simpleShiny.c28a7e6148b72e87a981a66aa195fa0d.svg | 1.925 ms | ::1 | - | 18:39:10
GET | 304 | /static/media/server.fccdcc5589fc2007f74d2b74387929b2.svg | 3.329 ms | ::1 | - | 18:39:10
GET | 304 | /static/media/padlock.4f2477cec25d06b9789a5facd41b48c3.svg | 1.457 ms | ::1 | - | 18:39:10
GET | 304 | /static/media/roboto-v30-latin-700.227c93190fe7f82de3f8.woff2 | 6.130 ms | ::1 | - | 18:39:10
GET | 304 | /static/media/roboto-v30-latin-regular.b009a76ad6afe4ebd301.woff2 | 4.673 ms | ::1 | - | 18:39:10
GET | 304 | /manifest.json | 2.570 ms | ::1 | - | 18:39:10
GET | 304 | /logo192.png | 0.671 ms | ::1 | - | 18:39:10
GET | 200 | /api/store/info | 2802.159 ms | ::1 | - | 18:39:12
GET | 304 | /api/store/info | 987.676 ms | ::1 | - | 18:39:13
GET | 404 | /api/store/config/hook | 1475.066 ms | ::1 | - | 20:37:22
POST | 403 | /api/store/config/hook | 1092.013 ms | ::1 | - | 20:38:13
POST | 403 | /api/store/config/hook | 1153.171 ms | ::1 | - | 20:39:01
POST | 200 | /api/store/config/hook | 1769.661 ms | ::1 | - | 20:39:20
POST | 200 | /api/store/config/hook | 1921.429 ms | ::1 | - | 20:40:15
POST | 200 | /api/store/config/hook | 1904.359 ms | ::1 | - | 20:41:12
POST | 200 | /api/store/config/hook | 1973.432 ms | ::1 | - | 20:42:18
POST | 200 | /api/store/config/hook | 1848.030 ms | ::1 | - | 20:43:33
POST | 200 | /api/store/config/hook | 2025.943 ms | ::1 | - | 20:45:36
POST | 200 | /api/store/config/hook | 2050.687 ms | ::1 | - | 20:46:41
POST | 403 | /api/store/config/hook | 1158.869 ms | ::1 | - | 20:54:44
POST | 403 | /api/store/config/hook | 1201.594 ms | ::1 | - | 20:56:00
POST | 403 | /api/store/config/hook | 872.214 ms | ::1 | - | 20:56:11
POST | 200 | /api/store/config/hook | 1544.898 ms | ::1 | - | 20:56:20
POST | 403 | /api/store/config/hook | 967.602 ms | ::1 | - | 20:56:34
POST | 403 | /api/store/config/hook | 919.557 ms | ::1 | - | 20:57:17
POST | 403 | /api/store/config/hook | 869.895 ms | ::1 | - | 20:57:25
POST | 403 | /api/store/config/hook | 1000.663 ms | ::1 | - | 21:00:01
POST | 403 | /api/store/config/hook | 1052.421 ms | ::1 | - | 21:00:47
POST | 403 | /api/store/config/hook | 1868.061 ms | ::1 | - | 21:02:01
POST | 200 | /api/store/config/hook | 2001.146 ms | ::1 | - | 21:02:55
OPTIONS | 204 | /api/store/info | 1.101 ms | ::1 | - | 23:39:29
OPTIONS | 204 | /api/store/info | 0.324 ms | ::1 | - | 23:39:29
GET | 403 | /api/store/info | 1001.442 ms | ::1 | - | 23:39:30
GET | 403 | /api/store/info | 722.780 ms | ::1 | - | 23:39:31
OPTIONS | 204 | /api/auth/store | 0.265 ms | ::1 | - | 23:39:45
POST | 200 | /api/auth/store | 950.683 ms | ::1 | - | 23:39:46
OPTIONS | 204 | /api/store/info | 0.486 ms | ::1 | - | 23:39:46
GET | 200 | /api/store/info | 726.167 ms | ::1 | - | 23:39:47
GET | 304 | /api/store/info | 736.175 ms | ::1 | - | 23:39:48
OPTIONS | 204 | /api/store/info | 0.236 ms | ::1 | - | 23:50:28
GET | 304 | /api/store/info | 987.209 ms | ::1 | - | 23:50:29
OPTIONS | 204 | /api/store/info | 1.476 ms | ::1 | - | 23:53:51
OPTIONS | 204 | /api/store/info | 0.329 ms | ::1 | - | 23:53:51
GET | 304 | /api/store/info | 1073.258 ms | ::1 | - | 23:53:52
GET | 304 | /api/store/info | 722.288 ms | ::1 | - | 23:53:53
OPTIONS | 204 | /api/store/config/hook | 0.187 ms | ::1 | - | 23:56:12
POST | 200 | /api/store/config/hook | 1682.937 ms | ::1 | - | 23:56:14
OPTIONS | 204 | /api/store/info | 0.218 ms | ::1 | - | 23:59:20
GET | 200 | /api/store/info | 921.466 ms | ::1 | - | 23:59:21
GET | 304 | /api/store/info | 711.266 ms | ::1 | - | 23:59:22
OPTIONS | 204 | /api/store/config/hook | 0.953 ms | ::1 | - | 0:04:49
POST | 200 | /api/store/config/hook | 1751.734 ms | ::1 | - | 0:04:51
OPTIONS | 204 | /api/store/config/hook | 0.162 ms | ::1 | - | 0:05:48
POST | 200 | /api/store/config/hook | 1607.723 ms | ::1 | - | 0:05:50
OPTIONS | 204 | /api/store/info | 0.140 ms | ::1 | - | 0:05:55
GET | 200 | /api/store/info | 876.374 ms | ::1 | - | 0:05:56
GET | 304 | /api/store/info | 728.654 ms | ::1 | - | 0:05:56
OPTIONS | 204 | /api/store/config/hook | 0.267 ms | ::1 | - | 0:06:27
POST | 200 | /api/store/config/hook | 1666.808 ms | ::1 | - | 0:06:29
OPTIONS | 204 | /api/store/config/hook | 0.242 ms | ::1 | - | 0:06:38
POST | 200 | /api/store/config/hook | 1649.462 ms | ::1 | - | 0:06:40
OPTIONS | 204 | /api/store/config/hook | 0.124 ms | ::1 | - | 0:08:03
POST | 200 | /api/store/config/hook | 1706.056 ms | ::1 | - | 0:08:05
OPTIONS | 204 | /api/store/config/hook | 0.175 ms | ::1 | - | 0:08:27
POST | 200 | /api/store/config/hook | 1596.895 ms | ::1 | - | 0:08:29
OPTIONS | 204 | /api/store/config/hook | 0.127 ms | ::1 | - | 0:08:41
POST | 200 | /api/store/config/hook | 1650.740 ms | ::1 | - | 0:08:43
OPTIONS | 204 | /api/store/config/hook | 0.128 ms | ::1 | - | 0:08:49
POST | 200 | /api/store/config/hook | 1572.774 ms | ::1 | - | 0:08:51
OPTIONS | 204 | /api/store/config/hook | 0.153 ms | ::1 | - | 0:28:36
POST | 200 | /api/store/config/hook | 1852.260 ms | ::1 | - | 0:28:38
