OPTIONS | 204 | /api/warehouse/info | 1.755 ms | ::1 | - | 0:05:46
OPTIONS | 204 | /api/warehouse/info | 0.506 ms | ::1 | - | 0:05:46
GET | 304 | /api/warehouse/info | 1205.554 ms | ::1 | - | 0:05:47
GET | 304 | /api/warehouse/info | 730.365 ms | ::1 | - | 0:05:48
GET | 304 | /api/warehouse/info | 716.309 ms | ::1 | - | 0:05:51
GET | 304 | /api/warehouse/info | 712.367 ms | ::1 | - | 0:05:51
OPTIONS | 204 | /api/warehouse/info | 0.467 ms | ::1 | - | 0:06:03
GET | 304 | /api/warehouse/info | 876.185 ms | ::1 | - | 0:06:04
GET | 304 | /api/warehouse/info | 721.272 ms | ::1 | - | 0:06:05
OPTIONS | 204 | /api/warehouse/info | 0.556 ms | ::1 | - | 0:10:18
GET | 304 | /api/warehouse/info | 1089.738 ms | ::1 | - | 0:10:19
GET | 304 | /api/warehouse/info | 719.210 ms | ::1 | - | 0:10:23
GET | 304 | /api/warehouse/info | 724.192 ms | ::1 | - | 0:10:24
OPTIONS | 204 | /api/warehouse/info | 0.885 ms | ::1 | - | 0:11:03
GET | 304 | /api/warehouse/info | 878.154 ms | ::1 | - | 0:11:04
GET | 304 | /api/warehouse/info | 729.539 ms | ::1 | - | 0:11:07
OPTIONS | 204 | /api/warehouse/info | 0.771 ms | ::1 | - | 0:14:56
GET | 304 | /api/warehouse/info | 931.159 ms | ::1 | - | 0:14:57
GET | 304 | /api/warehouse/info | 718.808 ms | ::1 | - | 0:14:58
OPTIONS | 204 | /api/warehouse/info | 0.359 ms | ::1 | - | 0:15:11
GET | 304 | /api/warehouse/info | 926.351 ms | ::1 | - | 0:15:12
GET | 304 | /api/warehouse/info | 737.505 ms | ::1 | - | 0:15:14
OPTIONS | 204 | /api/warehouse/info | 0.338 ms | ::1 | - | 0:15:18
GET | 304 | /api/warehouse/info | 866.056 ms | ::1 | - | 0:15:19
GET | 304 | /api/warehouse/info | 714.528 ms | ::1 | - | 0:15:21
OPTIONS | 204 | /api/warehouse/info | 0.230 ms | ::1 | - | 0:15:28
GET | 304 | /api/warehouse/info | 863.449 ms | ::1 | - | 0:15:29
GET | 304 | /api/warehouse/info | 713.265 ms | ::1 | - | 0:15:29
GET | 304 | /api/warehouse/info | 716.467 ms | ::1 | - | 0:15:30
GET | 304 | /api/warehouse/info | 723.088 ms | ::1 | - | 0:15:31
GET | 304 | /api/warehouse/info | 739.303 ms | ::1 | - | 0:15:33
OPTIONS | 204 | /api/warehouse/info | 0.364 ms | ::1 | - | 0:15:33
GET | 304 | /api/warehouse/info | 1051.726 ms | ::1 | - | 0:15:35
GET | 304 | /api/warehouse/info | 720.725 ms | ::1 | - | 0:15:35
GET | 304 | /api/warehouse/info | 724.726 ms | ::1 | - | 0:15:36
GET | 304 | /api/warehouse/info | 735.128 ms | ::1 | - | 0:15:37
GET | 304 | /api/warehouse/info | 725.000 ms | ::1 | - | 0:15:38
GET | 304 | /api/warehouse/info | 729.873 ms | ::1 | - | 0:15:38
OPTIONS | 204 | /api/warehouse/info | 0.552 ms | ::1 | - | 0:16:49
OPTIONS | 204 | /api/warehouse/info | 0.421 ms | ::1 | - | 0:16:49
GET | 304 | /api/warehouse/info | 887.832 ms | ::1 | - | 0:16:50
GET | 304 | /api/warehouse/info | 716.147 ms | ::1 | - | 0:16:51
GET | 304 | /api/warehouse/info | 710.625 ms | ::1 | - | 0:16:53
OPTIONS | 204 | /api/warehouse/info | 0.475 ms | ::1 | - | 0:16:56
GET | 304 | /api/warehouse/info | 860.023 ms | ::1 | - | 0:16:57
GET | 304 | /api/warehouse/info | 723.764 ms | ::1 | - | 0:16:58
GET | 304 | /api/warehouse/info | 723.382 ms | ::1 | - | 0:16:59
GET | 304 | /api/warehouse/info | 714.860 ms | ::1 | - | 0:16:59
GET | 304 | /api/warehouse/info | 714.641 ms | ::1 | - | 0:17:00
GET | 304 | /api/warehouse/info | 721.851 ms | ::1 | - | 0:17:01
GET | 304 | /api/warehouse/info | 721.963 ms | ::1 | - | 0:17:01
OPTIONS | 204 | /api/warehouse/info | 0.433 ms | ::1 | - | 0:19:13
OPTIONS | 204 | /api/warehouse/info | 0.391 ms | ::1 | - | 0:19:13
GET | 304 | /api/warehouse/info | 873.695 ms | ::1 | - | 0:19:14
GET | 304 | /api/warehouse/info | 717.283 ms | ::1 | - | 0:19:15
OPTIONS | 204 | /api/warehouse/info | 1.960 ms | ::1 | - | 0:21:01
OPTIONS | 204 | /api/warehouse/info | 0.334 ms | ::1 | - | 0:21:01
GET | 304 | /api/warehouse/info | 1158.484 ms | ::1 | - | 0:21:02
GET | 304 | /api/warehouse/info | 731.310 ms | ::1 | - | 0:21:02
OPTIONS | 204 | /api/warehouse/info | 3.409 ms | ::1 | - | 0:21:44
OPTIONS | 204 | /api/warehouse/info | 0.278 ms | ::1 | - | 0:21:44
GET | 304 | /api/warehouse/info | 1108.748 ms | ::1 | - | 0:21:45
GET | 304 | /api/warehouse/info | 734.972 ms | ::1 | - | 0:21:46
OPTIONS | 204 | /api/warehouse/info | 0.741 ms | ::1 | - | 0:23:12
GET | 304 | /api/warehouse/info | 948.538 ms | ::1 | - | 0:23:13
GET | 304 | /api/warehouse/info | 731.471 ms | ::1 | - | 0:23:13
GET | 304 | /api/warehouse/info | 727.380 ms | ::1 | - | 0:23:17
OPTIONS | 204 | /api/warehouse/info | 0.292 ms | ::1 | - | 0:23:17
GET | 304 | /api/warehouse/info | 948.090 ms | ::1 | - | 0:23:18
GET | 304 | /api/warehouse/info | 723.946 ms | ::1 | - | 0:23:19
OPTIONS | 204 | /api/warehouse/info | 0.980 ms | ::1 | - | 0:44:17
OPTIONS | 204 | /api/warehouse/info | 0.255 ms | ::1 | - | 0:44:17
GET | 304 | /api/warehouse/info | 804.250 ms | ::1 | - | 0:44:18
GET | 304 | /api/warehouse/info | 730.281 ms | ::1 | - | 0:44:18
OPTIONS | 204 | /api/warehouse/info | 1.544 ms | ::ffff:127.0.0.1 | - | 0:55:46
OPTIONS | 204 | /api/warehouse/info | 0.168 ms | ::ffff:127.0.0.1 | - | 0:55:46
GET | 304 | /api/warehouse/info | 963.609 ms | ::ffff:127.0.0.1 | - | 0:55:47
GET | 304 | /api/warehouse/info | 719.973 ms | ::ffff:127.0.0.1 | - | 0:55:48
OPTIONS | 204 | /api/warehouse/info | 1.677 ms | ::ffff:127.0.0.1 | - | 0:58:26
OPTIONS | 204 | /api/warehouse/info | 0.471 ms | ::1 | - | 0:58:26
GET | 304 | /api/warehouse/info | 760.700 ms | ::ffff:127.0.0.1 | - | 0:58:27
GET | 304 | /api/warehouse/info | 716.259 ms | ::ffff:127.0.0.1 | - | 0:58:27
OPTIONS | 204 | /api/warehouse/info | 1.512 ms | ::ffff:127.0.0.1 | - | 1:12:09
OPTIONS | 204 | /api/warehouse/info | 0.191 ms | ::1 | - | 1:12:09
GET | 304 | /api/warehouse/info | 882.191 ms | ::ffff:127.0.0.1 | - | 1:12:09
GET | 304 | /api/warehouse/info | 722.402 ms | ::ffff:127.0.0.1 | - | 1:12:10
POST | 200 | /api/inventory/request/send | 3219.126 ms | ::1 | - | 1:12:55
POST | 200 | /api/inventory/request/send | 3410.375 ms | ::1 | - | 1:14:05
POST | 200 | /api/inventory/request/send | 4387.093 ms | ::1 | - | 1:15:57
POST | 200 | /api/inventory/request/send | 3160.733 ms | ::1 | - | 1:16:55
POST | 200 | /api/inventory/request/send | 4161.892 ms | ::1 | - | 1:17:48
POST | 200 | /api/inventory/request/send | 3261.180 ms | ::1 | - | 1:17:56
OPTIONS | 204 | /api/warehouse/info | 1.708 ms | ::1 | - | 1:29:42
OPTIONS | 204 | /api/warehouse/info | 0.213 ms | ::1 | - | 1:29:42
GET | 304 | /api/warehouse/info | 1106.351 ms | ::1 | - | 1:29:43
GET | 304 | /api/warehouse/info | 706.392 ms | ::1 | - | 1:29:44
OPTIONS | 204 | /api/warehouse/info | 0.301 ms | ::1 | - | 1:36:56
OPTIONS | 204 | /api/warehouse/info | 0.475 ms | ::1 | - | 1:36:56
GET | 304 | /api/warehouse/info | 709.986 ms | ::1 | - | 1:36:57
GET | 304 | /api/warehouse/info | 835.202 ms | ::1 | - | 1:36:58
OPTIONS | 204 | /api/warehouse/info | 0.295 ms | ::1 | - | 1:37:19
GET | 304 | /api/warehouse/info | 858.162 ms | ::1 | - | 1:37:20
GET | 304 | /api/warehouse/info | 718.421 ms | ::1 | - | 1:37:21
OPTIONS | 204 | /api/warehouse/info | 0.234 ms | ::1 | - | 1:37:28
GET | 304 | /api/warehouse/info | 877.310 ms | ::1 | - | 1:37:29
GET | 304 | /api/warehouse/info | 712.596 ms | ::1 | - | 1:37:29
OPTIONS | 204 | /api/warehouse/info | 0.246 ms | ::1 | - | 1:47:45
GET | 304 | /api/warehouse/info | 904.096 ms | ::1 | - | 1:47:46
GET | 304 | /api/warehouse/info | 713.447 ms | ::1 | - | 1:47:47
POST | 200 | /api/inventory/request/send | 3213.765 ms | ::1 | - | 1:48:53
POST | 200 | /api/inventory/request/send | 3196.720 ms | ::1 | - | 1:59:39
OPTIONS | 204 | /api/warehouse/info | 0.232 ms | ::1 | - | 2:00:03
OPTIONS | 204 | /api/warehouse/info | 0.144 ms | ::1 | - | 2:00:03
GET | 304 | /api/warehouse/info | 918.173 ms | ::1 | - | 2:00:04
GET | 304 | /api/warehouse/info | 722.102 ms | ::1 | - | 2:00:05
POST | 200 | /api/inventory/request/send | 3180.437 ms | ::1 | - | 2:00:34
OPTIONS | 204 | /api/warehouse/info | 0.289 ms | ::1 | - | 2:01:07
GET | 304 | /api/warehouse/info | 866.992 ms | ::1 | - | 2:01:08
GET | 304 | /api/warehouse/info | 708.389 ms | ::1 | - | 2:01:09
GET | 304 | /api/warehouse/info | 704.685 ms | ::1 | - | 2:01:09
OPTIONS | 204 | /api/warehouse/info | 0.190 ms | ::1 | - | 2:01:36
GET | 304 | /api/warehouse/info | 881.419 ms | ::1 | - | 2:01:37
OPTIONS | 204 | /api/warehouse/info | 0.205 ms | ::1 | - | 2:13:36
GET | 304 | /api/warehouse/info | 1039.690 ms | ::1 | - | 2:13:37
GET | 304 | /api/warehouse/info | 709.547 ms | ::1 | - | 2:13:38
OPTIONS | 204 | /api/auth/admin | 1.467 ms | ::1 | - | 2:43:05
POST | 200 | /api/auth/admin | 983.180 ms | ::1 | - | 2:43:06
OPTIONS | 204 | /api/warehouse/info | 1.629 ms | ::1 | - | 2:43:06
OPTIONS | 204 | /api/warehouse/info | 1.473 ms | ::1 | - | 2:43:06
GET | 304 | /api/warehouse/info | 718.448 ms | ::1 | - | 2:43:07
GET | 304 | /api/warehouse/info | 719.645 ms | ::1 | - | 2:43:07
OPTIONS | 204 | /api/warehouse/request/update | 0.980 ms | ::1 | - | 2:43:23
POST | 200 | /api/warehouse/request/update | 1582.364 ms | ::1 | - | 2:43:24
OPTIONS | 204 | /api/warehouse/request/update | 0.517 ms | ::1 | - | 2:43:34
POST | 200 | /api/warehouse/request/update | 1591.149 ms | ::1 | - | 2:43:36
OPTIONS | 204 | /api/warehouse/request/update | 0.441 ms | ::1 | - | 2:44:13
POST | 200 | /api/warehouse/request/update | 1573.941 ms | ::1 | - | 2:44:15
OPTIONS | 204 | /api/warehouse/info | 0.231 ms | ::1 | - | 2:44:31
GET | 304 | /api/warehouse/info | 773.104 ms | ::1 | - | 2:44:31
GET | 304 | /api/warehouse/info | 711.277 ms | ::1 | - | 2:44:32
OPTIONS | 204 | /api/warehouse/request/update | 0.458 ms | ::1 | - | 2:45:56
POST | 200 | /api/warehouse/request/update | 1605.224 ms | ::1 | - | 2:45:57
OPTIONS | 204 | /api/warehouse/info | 0.207 ms | ::1 | - | 2:46:22
GET | 304 | /api/warehouse/info | 927.919 ms | ::1 | - | 2:46:23
GET | 304 | /api/warehouse/info | 713.400 ms | ::1 | - | 2:46:24
OPTIONS | 204 | /api/warehouse/info | 0.970 ms | ::1 | - | 2:46:53
GET | 304 | /api/warehouse/info | 921.741 ms | ::1 | - | 2:46:54
GET | 304 | /api/warehouse/info | 705.218 ms | ::1 | - | 2:46:54
OPTIONS | 204 | /api/warehouse/request/update | 0.555 ms | ::1 | - | 2:46:57
POST | 200 | /api/warehouse/request/update | 1573.142 ms | ::1 | - | 2:46:59
OPTIONS | 204 | /api/warehouse/info | 0.321 ms | ::1 | - | 2:47:34
GET | 304 | /api/warehouse/info | 916.131 ms | ::1 | - | 2:47:34
GET | 304 | /api/warehouse/info | 711.057 ms | ::1 | - | 2:47:35
OPTIONS | 204 | /api/warehouse/request/update | 0.511 ms | ::1 | - | 2:49:17
POST | 200 | /api/warehouse/request/update | 1591.979 ms | ::1 | - | 2:49:19
OPTIONS | 204 | /api/warehouse/info | 0.273 ms | ::1 | - | 2:50:00
GET | 304 | /api/warehouse/info | 850.739 ms | ::1 | - | 2:50:01
GET | 304 | /api/warehouse/info | 718.158 ms | ::1 | - | 2:50:01
OPTIONS | 204 | /api/warehouse/info | 0.351 ms | ::1 | - | 2:50:30
GET | 304 | /api/warehouse/info | 868.667 ms | ::1 | - | 2:50:30
GET | 304 | /api/warehouse/info | 714.551 ms | ::1 | - | 2:50:31
OPTIONS | 204 | /api/warehouse/request/update | 0.260 ms | ::1 | - | 2:52:14
POST | 200 | /api/warehouse/request/update | 1582.511 ms | ::1 | - | 2:52:16
OPTIONS | 204 | /api/warehouse/info | 0.387 ms | ::1 | - | 2:54:01
GET | 304 | /api/warehouse/info | 872.516 ms | ::1 | - | 2:54:02
GET | 304 | /api/warehouse/info | 715.168 ms | ::1 | - | 2:54:03
OPTIONS | 204 | /api/warehouse/request/update | 0.496 ms | ::1 | - | 2:54:10
POST | 200 | /api/warehouse/request/update | 1589.081 ms | ::1 | - | 2:54:12
OPTIONS | 204 | /api/warehouse/request/update | 2.848 ms | ::1 | - | 3:15:05
POST | 200 | /api/warehouse/request/update | 1638.596 ms | ::1 | - | 3:15:06
OPTIONS | 204 | /api/warehouse/request/update | 3.281 ms | ::1 | - | 3:17:14
POST | 200 | /api/warehouse/request/update | 1537.556 ms | ::1 | - | 3:17:15
OPTIONS | 204 | /api/warehouse/request/update | 0.531 ms | ::1 | - | 3:17:34
POST | 200 | /api/warehouse/request/update | 1625.560 ms | ::1 | - | 3:17:36
OPTIONS | 204 | /api/warehouse/request/update | 2.474 ms | ::1 | - | 3:18:10
POST | 200 | /api/warehouse/request/update | 1602.220 ms | ::1 | - | 3:18:12
OPTIONS | 204 | /api/warehouse/request/update | 0.414 ms | ::1 | - | 3:19:39
POST | 200 | /api/warehouse/request/update | 1583.343 ms | ::1 | - | 3:19:41
OPTIONS | 204 | /api/warehouse/request/update | 2.074 ms | ::1 | - | 3:22:29
POST | 200 | /api/warehouse/request/update | 1678.101 ms | ::1 | - | 3:22:31
OPTIONS | 204 | /api/warehouse/request/update | 2.541 ms | ::1 | - | 3:23:57
POST | 200 | /api/warehouse/request/update | 1593.741 ms | ::1 | - | 3:23:58
OPTIONS | 204 | /api/warehouse/request/update | 1.296 ms | ::1 | - | 3:26:18
POST | 200 | /api/warehouse/request/update | 1624.324 ms | ::1 | - | 3:26:20
OPTIONS | 204 | /api/warehouse/request/update | 1.495 ms | ::1 | - | 3:28:33
POST | 200 | /api/warehouse/request/update | 1572.370 ms | ::1 | - | 3:28:35
GET | 301 | /warehouse | 9.372 ms | ::1 | - | 16:29:30
GET | 200 | /warehouse/ | 6.012 ms | ::1 | - | 16:29:30
GET | 404 | /static/js/main.458d58b1.js | 7.927 ms | ::1 | - | 16:29:30
GET | 304 | /static/css/main.5da68ca8.css | 3.017 ms | ::1 | - | 16:29:30
GET | 304 | /manifest.json | 3.677 ms | ::1 | - | 16:29:30
GET | 304 | /logo192.png | 1.572 ms | ::1 | - | 16:29:30
GET | 304 | /manifest.json | 6.336 ms | ::1 | - | 16:29:37
GET | 304 | /static/css/main.5da68ca8.css | 3.147 ms | ::1 | - | 16:29:37
GET | 304 | /warehouse/ | 4.633 ms | ::1 | - | 16:30:03
GET | 404 | /static/js/main.458d58b1.js | 8.979 ms | ::1 | - | 16:30:03
GET | 304 | /static/css/main.5da68ca8.css | 6.054 ms | ::1 | - | 16:30:03
GET | 304 | /manifest.json | 7.050 ms | ::1 | - | 16:30:04
GET | 304 | /favicon.ico | 2.989 ms | ::1 | - | 16:30:04
GET | 304 | /logo192.png | 1.921 ms | ::1 | - | 16:30:04
GET | 304 | / | 20.145 ms | ::1 | - | 16:31:59
GET | 304 | /static/js/main.106080de.js | 12.358 ms | ::1 | - | 16:31:59
GET | 304 | /static/css/main.5da68ca8.css | 5.270 ms | ::1 | - | 16:31:59
GET | 304 | /static/media/logo.797d41c84d2b50c923aa6f4dddd87340.svg | 7.897 ms | ::1 | - | 16:32:00
GET | 304 | /static/media/simpleShiny.c28a7e6148b72e87a981a66aa195fa0d.svg | 3.158 ms | ::1 | - | 16:32:00
GET | 304 | /static/media/server.fccdcc5589fc2007f74d2b74387929b2.svg | 6.449 ms | ::1 | - | 16:32:00
GET | 304 | /static/media/padlock.4f2477cec25d06b9789a5facd41b48c3.svg | 2.806 ms | ::1 | - | 16:32:00
GET | 304 | /static/media/roboto-v30-latin-700.227c93190fe7f82de3f8.woff2 | 9.114 ms | ::1 | - | 16:32:00
GET | 304 | /static/media/roboto-v30-latin-regular.b009a76ad6afe4ebd301.woff2 | 6.671 ms | ::1 | - | 16:32:00
GET | 304 | /static/media/boxLogo.fea54e18e3aa37859814.png | 8.149 ms | ::1 | - | 16:32:00
GET | 304 | /manifest.json | 2.351 ms | ::1 | - | 16:32:00
GET | 304 | /logo192.png | 1.680 ms | ::1 | - | 16:32:00
GET | 200 | /api/store/info | 2052.866 ms | ::1 | - | 16:32:02
GET | 304 | /api/store/info | 719.311 ms | ::1 | - | 16:32:03
GET | 304 | /warehouse/ | 2.474 ms | ::1 | - | 16:32:09
GET | 404 | /static/js/main.458d58b1.js | 9.991 ms | ::1 | - | 16:32:09
GET | 304 | /static/css/main.5da68ca8.css | 6.934 ms | ::1 | - | 16:32:09
GET | 304 | /manifest.json | 3.430 ms | ::1 | - | 16:32:09
GET | 304 | /logo192.png | 1.410 ms | ::1 | - | 16:32:09
GET | 200 | /warehouse/ | 39.102 ms | ::1 | - | 16:32:30
GET | 304 | /static/js/main.106080de.js | 11.889 ms | ::1 | - | 16:32:30
GET | 304 | /static/css/main.5da68ca8.css | 9.023 ms | ::1 | - | 16:32:30
GET | 304 | /static/media/logo.797d41c84d2b50c923aa6f4dddd87340.svg | 5.784 ms | ::1 | - | 16:32:30
GET | 200 | /static/media/404.b09d73f21fb75de74e0c1f899d27aadc.svg | 35.311 ms | ::1 | - | 16:32:30
GET | 304 | /favicon.ico | 7.695 ms | ::1 | - | 16:32:30
GET | 304 | /static/media/roboto-v30-latin-regular.b009a76ad6afe4ebd301.woff2 | 8.920 ms | ::1 | - | 16:32:31
GET | 304 | /static/media/roboto-v30-latin-700.227c93190fe7f82de3f8.woff2 | 5.510 ms | ::1 | - | 16:32:31
GET | 304 | /manifest.json | 3.332 ms | ::1 | - | 16:32:31
GET | 304 | /logo192.png | 2.082 ms | ::1 | - | 16:32:31
GET | 304 | /static/media/roboto-v30-latin-700.227c93190fe7f82de3f8.woff2 | 2.605 ms | ::1 | - | 16:32:37
GET | 304 | /manifest.json | 1.759 ms | ::1 | - | 16:32:37
GET | 304 | /logo192.png | 1.890 ms | ::1 | - | 16:32:37
GET | 304 | /api/store/info | 1831.613 ms | ::1 | - | 16:32:39
GET | 304 | /static/media/logo.797d41c84d2b50c923aa6f4dddd87340.svg | 2.294 ms | ::1 | - | 16:32:39
GET | 304 | /static/media/roboto-v30-latin-regular.b009a76ad6afe4ebd301.woff2 | 1.821 ms | ::1 | - | 16:32:39
GET | 304 | /api/store/info | 724.254 ms | ::1 | - | 16:32:40
GET | 200 | /warehouse/ | 14.508 ms | ::1 | - | 16:34:53
GET | 404 | /static/js/main.458d58b1.js | 14.947 ms | ::1 | - | 16:34:53
GET | 304 | /static/css/main.5da68ca8.css | 8.254 ms | ::1 | - | 16:34:53
GET | 304 | /manifest.json | 1.742 ms | ::1 | - | 16:34:53
GET | 304 | /logo192.png | 1.520 ms | ::1 | - | 16:34:53
GET | 200 | /warehouse/ | 17.896 ms | ::1 | - | 16:37:09
GET | 404 | /static/js/main.458d58b1.js | 16.098 ms | ::1 | - | 16:37:09
GET | 304 | /static/css/main.5da68ca8.css | 12.419 ms | ::1 | - | 16:37:09
GET | 304 | /favicon.ico | 2.358 ms | ::1 | - | 16:37:09
GET | 304 | /manifest.json | 1.762 ms | ::1 | - | 16:37:09
GET | 304 | /logo192.png | 2.192 ms | ::1 | - | 16:37:09
GET | 304 | /warehouse/ | 2.941 ms | ::1 | - | 16:37:10
GET | 404 | /static/js/main.458d58b1.js | 9.945 ms | ::1 | - | 16:37:10
GET | 304 | /static/css/main.5da68ca8.css | 6.288 ms | ::1 | - | 16:37:10
GET | 304 | /favicon.ico | 7.881 ms | ::1 | - | 16:37:11
GET | 304 | /manifest.json | 5.450 ms | ::1 | - | 16:37:11
GET | 304 | /logo192.png | 2.031 ms | ::1 | - | 16:37:11
GET | 304 | /warehouse/ | 2.750 ms | ::1 | - | 16:37:11
GET | 404 | /static/js/main.458d58b1.js | 7.120 ms | ::1 | - | 16:37:11
GET | 304 | /static/css/main.5da68ca8.css | 5.228 ms | ::1 | - | 16:37:11
GET | 304 | /manifest.json | 7.287 ms | ::1 | - | 16:37:11
GET | 304 | /favicon.ico | 4.459 ms | ::1 | - | 16:37:11
GET | 304 | /logo192.png | 1.499 ms | ::1 | - | 16:37:11
GET | 304 | /warehouse/ | 2.540 ms | ::1 | - | 16:37:12
GET | 404 | /static/js/main.458d58b1.js | 6.201 ms | ::1 | - | 16:37:12
GET | 304 | /static/css/main.5da68ca8.css | 2.859 ms | ::1 | - | 16:37:12
GET | 304 | /favicon.ico | 6.574 ms | ::1 | - | 16:37:12
GET | 304 | /manifest.json | 2.964 ms | ::1 | - | 16:37:12
GET | 304 | /warehouse/ | 1.282 ms | ::1 | - | 16:37:12
GET | 404 | /static/js/main.458d58b1.js | 6.220 ms | ::1 | - | 16:37:12
GET | 304 | /static/css/main.5da68ca8.css | 4.245 ms | ::1 | - | 16:37:12
GET | 304 | /logo192.png | 1.418 ms | ::1 | - | 16:37:12
GET | 304 | /manifest.json | 1.462 ms | ::1 | - | 16:37:12
GET | 304 | /warehouse/ | 1.367 ms | ::1 | - | 16:37:12
GET | 304 | /logo192.png | 3.041 ms | ::1 | - | 16:37:12
GET | 404 | /static/js/main.458d58b1.js | 4.789 ms | ::1 | - | 16:37:12
GET | 304 | /static/css/main.5da68ca8.css | 2.558 ms | ::1 | - | 16:37:12
GET | 304 | /favicon.ico | 4.345 ms | ::1 | - | 16:37:12
GET | 304 | /manifest.json | 2.333 ms | ::1 | - | 16:37:12
GET | 200 | /logo192.png | 2.817 ms | ::1 | - | 16:37:12
GET | 304 | /warehouse/ | 1.787 ms | ::1 | - | 16:37:13
GET | 404 | /static/js/main.458d58b1.js | 5.416 ms | ::1 | - | 16:37:13
GET | 304 | /static/css/main.5da68ca8.css | 3.572 ms | ::1 | - | 16:37:13
GET | 304 | /manifest.json | 5.123 ms | ::1 | - | 16:37:13
GET | 304 | /favicon.ico | 2.826 ms | ::1 | - | 16:37:13
GET | 304 | /logo192.png | 0.980 ms | ::1 | - | 16:37:13
GET | 304 | /warehouse/ | 1.834 ms | ::1 | - | 16:37:15
GET | 404 | /static/js/main.458d58b1.js | 4.670 ms | ::1 | - | 16:37:15
GET | 304 | /static/css/main.5da68ca8.css | 2.761 ms | ::1 | - | 16:37:15
GET | 304 | /favicon.ico | 4.457 ms | ::1 | - | 16:37:15
GET | 304 | /manifest.json | 2.938 ms | ::1 | - | 16:37:15
GET | 304 | /logo192.png | 1.278 ms | ::1 | - | 16:37:16
GET | 304 | /warehouse/ | 1.972 ms | ::1 | - | 16:37:21
GET | 404 | /static/js/main.458d58b1.js | 7.128 ms | ::1 | - | 16:37:21
GET | 304 | /static/css/main.5da68ca8.css | 4.276 ms | ::1 | - | 16:37:21
GET | 304 | /favicon.ico | 2.165 ms | ::1 | - | 16:37:21
GET | 304 | /manifest.json | 2.978 ms | ::1 | - | 16:37:21
GET | 304 | /logo192.png | 1.264 ms | ::1 | - | 16:37:21
GET | 304 | /warehouse/ | 1.841 ms | ::1 | - | 16:37:22
GET | 404 | /static/js/main.458d58b1.js | 5.401 ms | ::1 | - | 16:37:22
GET | 304 | /static/css/main.5da68ca8.css | 3.918 ms | ::1 | - | 16:37:22
GET | 304 | /favicon.ico | 4.043 ms | ::1 | - | 16:37:22
GET | 304 | /manifest.json | 2.071 ms | ::1 | - | 16:37:22
GET | 304 | /logo192.png | 0.982 ms | ::1 | - | 16:37:22
GET | 304 | /warehouse/ | 2.190 ms | ::1 | - | 16:37:22
GET | 404 | /static/js/main.458d58b1.js | 5.364 ms | ::1 | - | 16:37:22
GET | 304 | /static/css/main.5da68ca8.css | 3.232 ms | ::1 | - | 16:37:22
GET | 304 | /favicon.ico | 7.543 ms | ::1 | - | 16:37:22
GET | 304 | /manifest.json | 3.648 ms | ::1 | - | 16:37:22
GET | 304 | /logo192.png | 5.525 ms | ::1 | - | 16:37:22
GET | 304 | /warehouse/ | 3.080 ms | ::1 | - | 16:37:22
GET | 404 | /static/js/main.458d58b1.js | 5.233 ms | ::1 | - | 16:37:22
GET | 304 | /static/css/main.5da68ca8.css | 3.643 ms | ::1 | - | 16:37:22
GET | 304 | /favicon.ico | 5.954 ms | ::1 | - | 16:37:23
GET | 304 | /manifest.json | 3.018 ms | ::1 | - | 16:37:23
GET | 304 | /logo192.png | 1.250 ms | ::1 | - | 16:37:23
GET | 304 | /warehouse/ | 2.170 ms | ::1 | - | 16:37:23
GET | 404 | /static/js/main.458d58b1.js | 8.125 ms | ::1 | - | 16:37:23
GET | 304 | /static/css/main.5da68ca8.css | 7.112 ms | ::1 | - | 16:37:23
GET | 304 | /manifest.json | 3.850 ms | ::1 | - | 16:37:23
GET | 304 | /favicon.ico | 2.480 ms | ::1 | - | 16:37:23
GET | 304 | /logo192.png | 1.223 ms | ::1 | - | 16:37:23
GET | 304 | /warehouse/ | 1.420 ms | ::1 | - | 16:37:23
GET | 404 | /static/js/main.458d58b1.js | 6.363 ms | ::1 | - | 16:37:23
GET | 304 | /static/css/main.5da68ca8.css | 3.221 ms | ::1 | - | 16:37:23
GET | 304 | /favicon.ico | 7.447 ms | ::1 | - | 16:37:23
GET | 304 | /manifest.json | 2.724 ms | ::1 | - | 16:37:23
GET | 304 | /logo192.png | 1.386 ms | ::1 | - | 16:37:23
GET | 304 | / | 1.245 ms | ::1 | - | 16:37:26
GET | 304 | /static/js/main.106080de.js | 5.468 ms | ::1 | - | 16:37:26
GET | 304 | /static/css/main.5da68ca8.css | 2.464 ms | ::1 | - | 16:37:26
GET | 304 | /static/media/logo.797d41c84d2b50c923aa6f4dddd87340.svg | 4.948 ms | ::1 | - | 16:37:26
GET | 304 | /static/media/simpleShiny.c28a7e6148b72e87a981a66aa195fa0d.svg | 2.142 ms | ::1 | - | 16:37:26
GET | 304 | /static/media/server.fccdcc5589fc2007f74d2b74387929b2.svg | 2.538 ms | ::1 | - | 16:37:26
GET | 304 | /static/media/padlock.4f2477cec25d06b9789a5facd41b48c3.svg | 1.380 ms | ::1 | - | 16:37:26
GET | 304 | /static/media/roboto-v30-latin-700.227c93190fe7f82de3f8.woff2 | 8.182 ms | ::1 | - | 16:37:26
GET | 304 | /static/media/roboto-v30-latin-regular.b009a76ad6afe4ebd301.woff2 | 5.705 ms | ::1 | - | 16:37:26
GET | 304 | /static/media/boxLogo.fea54e18e3aa37859814.png | 3.350 ms | ::1 | - | 16:37:26
GET | 304 | /manifest.json | 1.523 ms | ::1 | - | 16:37:26
GET | 304 | /logo192.png | 0.983 ms | ::1 | - | 16:37:26
GET | 304 | /api/store/info | 1565.683 ms | ::1 | - | 16:37:28
GET | 304 | /api/store/info | 717.821 ms | ::1 | - | 16:37:29
GET | 304 | /static/media/roboto-v30-latin-700.227c93190fe7f82de3f8.woff2 | 4.836 ms | ::1 | - | 16:37:35
GET | 304 | /manifest.json | 1.795 ms | ::1 | - | 16:37:35
GET | 304 | /logo192.png | 1.108 ms | ::1 | - | 16:37:35
GET | 304 | /api/store/info | 948.603 ms | ::1 | - | 16:37:36
GET | 304 | /static/media/logo.797d41c84d2b50c923aa6f4dddd87340.svg | 1.741 ms | ::1 | - | 16:37:36
GET | 304 | /static/media/roboto-v30-latin-regular.b009a76ad6afe4ebd301.woff2 | 1.054 ms | ::1 | - | 16:37:36
GET | 304 | /api/store/info | 715.210 ms | ::1 | - | 16:37:37
GET | 304 | /warehouse/ | 2.828 ms | ::1 | - | 16:37:43
GET | 404 | /static/js/main.458d58b1.js | 7.016 ms | ::1 | - | 16:37:43
GET | 304 | /static/css/main.5da68ca8.css | 3.509 ms | ::1 | - | 16:37:43
GET | 304 | /manifest.json | 1.078 ms | ::1 | - | 16:37:43
GET | 304 | /logo192.png | 4.018 ms | ::1 | - | 16:37:43
GET | 200 | /warehouse/ | 5.289 ms | ::1 | - | 16:38:08
GET | 404 | /static/js/main.458d58b1.js | 11.258 ms | ::1 | - | 16:38:08
GET | 200 | /static/css/main.5da68ca8.css | 10.151 ms | ::1 | - | 16:38:08
GET | 200 | /favicon.ico | 7.074 ms | ::1 | - | 16:38:08
GET | 200 | /manifest.json | 6.276 ms | ::1 | - | 16:38:08
GET | 200 | /logo192.png | 2.018 ms | ::1 | - | 16:38:08
GET | 304 | /warehouse/ | 9.791 ms | ::1 | - | 16:39:32
GET | 304 | /static/css/main.5da68ca8.css | 4.051 ms | ::1 | - | 16:39:32
GET | 200 | /static/js/main.458d58b1.js | 17.635 ms | ::1 | - | 16:39:32
GET | 200 | /static/media/workTime.45553d507cd2016734d857773c004d02.svg | 9.298 ms | ::1 | - | 16:39:32
GET | 200 | /static/media/logo.797d41c84d2b50c923aa6f4dddd87340.svg | 20.990 ms | ::1 | - | 16:39:32
GET | 200 | /static/media/padlock.4f2477cec25d06b9789a5facd41b48c3.svg | 17.326 ms | ::1 | - | 16:39:33
GET | 304 | /favicon.ico | 16.285 ms | ::1 | - | 16:39:33
GET | 200 | /static/media/roboto-v30-latin-700.227c93190fe7f82de3f8.woff2 | 25.052 ms | ::1 | - | 16:39:33
GET | 200 | /static/media/roboto-v30-latin-regular.b009a76ad6afe4ebd301.woff2 | 20.003 ms | ::1 | - | 16:39:33
GET | 304 | /manifest.json | 7.520 ms | ::1 | - | 16:39:33
GET | 304 | /logo192.png | 2.181 ms | ::1 | - | 16:39:33
GET | 200 | / | 4.038 ms | ::1 | - | 16:39:36
GET | 304 | /static/css/main.5da68ca8.css | 2.474 ms | ::1 | - | 16:39:36
GET | 200 | /static/js/main.106080de.js | 23.122 ms | ::1 | - | 16:39:36
GET | 304 | /static/media/logo.797d41c84d2b50c923aa6f4dddd87340.svg | 1.746 ms | ::1 | - | 16:39:36
GET | 304 | /static/media/padlock.4f2477cec25d06b9789a5facd41b48c3.svg | 4.869 ms | ::1 | - | 16:39:36
GET | 304 | /static/media/roboto-v30-latin-700.227c93190fe7f82de3f8.woff2 | 3.095 ms | ::1 | - | 16:39:36
GET | 304 | /static/media/roboto-v30-latin-regular.b009a76ad6afe4ebd301.woff2 | 2.468 ms | ::1 | - | 16:39:36
GET | 200 | /static/media/server.fccdcc5589fc2007f74d2b74387929b2.svg | 26.867 ms | ::1 | - | 16:39:36
GET | 200 | /static/media/simpleShiny.c28a7e6148b72e87a981a66aa195fa0d.svg | 39.959 ms | ::1 | - | 16:39:36
GET | 200 | /static/media/boxLogo.fea54e18e3aa37859814.png | 13.726 ms | ::1 | - | 16:39:37
GET | 304 | /manifest.json | 2.432 ms | ::1 | - | 16:39:37
GET | 304 | /logo192.png | 1.003 ms | ::1 | - | 16:39:37
GET | 200 | /api/store/info | 2713.654 ms | ::1 | - | 16:39:39
GET | 304 | /api/store/info | 719.785 ms | ::1 | - | 16:39:40
GET | 301 | /warehouse | 4.722 ms | ::1 | - | 16:39:50
GET | 304 | /warehouse/ | 3.334 ms | ::1 | - | 16:39:50
GET | 304 | /static/css/main.5da68ca8.css | 2.108 ms | ::1 | - | 16:39:50
GET | 304 | /static/js/main.458d58b1.js | 8.306 ms | ::1 | - | 16:39:50
GET | 304 | /static/media/logo.797d41c84d2b50c923aa6f4dddd87340.svg | 1.139 ms | ::1 | - | 16:39:50
GET | 304 | /static/media/padlock.4f2477cec25d06b9789a5facd41b48c3.svg | 2.308 ms | ::1 | - | 16:39:50
GET | 304 | /static/media/workTime.45553d507cd2016734d857773c004d02.svg | 14.507 ms | ::1 | - | 16:39:50
GET | 304 | /static/media/roboto-v30-latin-700.227c93190fe7f82de3f8.woff2 | 8.863 ms | ::1 | - | 16:39:50
GET | 304 | /static/media/roboto-v30-latin-regular.b009a76ad6afe4ebd301.woff2 | 6.605 ms | ::1 | - | 16:39:50
GET | 304 | /manifest.json | 1.685 ms | ::1 | - | 16:39:50
GET | 304 | /logo192.png | 0.789 ms | ::1 | - | 16:39:50
POST | 200 | /api/auth/admin | 1919.333 ms | ::1 | - | 16:40:01
GET | 304 | /static/media/boxLogo.fea54e18e3aa37859814.png | 4.380 ms | ::1 | - | 16:40:01
GET | 200 | /api/warehouse/info | 728.746 ms | ::1 | - | 16:40:01
GET | 200 | /static/media/borderMenu.c20de8f74d0f8492ddbad09b9653795c.svg | 10.375 ms | ::1 | - | 16:40:01
GET | 206 | /static/media/ding.251dfbf7c76c515a1a91.mp3 | 18.239 ms | ::1 | - | 16:40:02
GET | 304 | /favicon.ico | 1.128 ms | ::1 | - | 16:40:03
GET | 304 | /api/warehouse/info | 1240.932 ms | ::1 | - | 16:40:11
GET | 304 | /api/warehouse/info | 714.045 ms | ::1 | - | 16:40:12
GET | 304 | /api/warehouse/info | 1447.052 ms | ::1 | - | 16:40:17
GET | 304 | /static/media/ding.251dfbf7c76c515a1a91.mp3 | 9.464 ms | ::1 | - | 16:41:13
POST | 200 | /api/warehouse/request/update | 1904.437 ms | ::1 | - | 16:41:24
POST | 200 | /api/warehouse/request/update | 2180.863 ms | ::1 | - | 16:41:34
POST | 200 | /api/warehouse/request/update | 2319.232 ms | ::1 | - | 16:41:40
POST | 200 | /api/warehouse/request/update | 2394.696 ms | ::1 | - | 16:41:49
